\BOOKMARK [1][-]{section.1}{Introduction}{}% 1
\BOOKMARK [1][-]{section.2}{Related Works}{}% 2
\BOOKMARK [1][-]{section.3}{HexGANFuzzer Framework}{}% 3
\BOOKMARK [2][-]{subsection.3.1}{Preprocessing of ICP Message Frames}{section.3}% 4
\BOOKMARK [3][-]{subsubsection.3.1.1}{Message Frame Clustering}{subsection.3.1}% 5
\BOOKMARK [3][-]{subsubsection.3.1.2}{Data Conversion}{subsection.3.1}% 6
\BOOKMARK [2][-]{subsection.3.2}{Model Design}{section.3}% 7
\BOOKMARK [3][-]{subsubsection.3.2.1}{Generator}{subsection.3.2}% 8
\BOOKMARK [3][-]{subsubsection.3.2.2}{Critic}{subsection.3.2}% 9
\BOOKMARK [3][-]{subsubsection.3.2.3}{Training strategy}{subsection.3.2}% 10
\BOOKMARK [2][-]{subsection.3.3}{Performance Metrics}{section.3}% 11
\BOOKMARK [3][-]{subsubsection.3.3.1}{F-measure}{subsection.3.3}% 12
\BOOKMARK [3][-]{subsubsection.3.3.2}{Effectiveness of Vulnerability Detection \(EVD\)}{subsection.3.3}% 13
\BOOKMARK [3][-]{subsubsection.3.3.3}{Efficiency of Vulnerability Detection \(EFVD\)}{subsection.3.3}% 14
\BOOKMARK [1][-]{section.4}{Experiment and Result Analysis}{}% 15
\BOOKMARK [2][-]{subsection.4.1}{Environment construction of MQTT and Modbus}{section.4}% 16
\BOOKMARK [3][-]{subsubsection.4.1.1}{MQTT}{subsection.4.1}% 17
\BOOKMARK [3][-]{subsubsection.4.1.2}{Modbust-TCP}{subsection.4.1}% 18
\BOOKMARK [2][-]{subsection.4.2}{Evaluation Setup}{section.4}% 19
\BOOKMARK [3][-]{subsubsection.4.2.1}{Experimental Environment}{subsection.4.2}% 20
\BOOKMARK [3][-]{subsubsection.4.2.2}{Model Training Setting}{subsection.4.2}% 21
\BOOKMARK [2][-]{subsection.4.3}{Fuzz Testing The Target ICP}{section.4}% 22
\BOOKMARK [3][-]{subsubsection.4.3.1}{Training Data}{subsection.4.3}% 23
\BOOKMARK [3][-]{subsubsection.4.3.2}{Model Training}{subsection.4.3}% 24
\BOOKMARK [3][-]{subsubsection.4.3.3}{Logging and Evaluation}{subsection.4.3}% 25
\BOOKMARK [2][-]{subsection.4.4}{Result Analysis}{section.4}% 26
\BOOKMARK [3][-]{subsubsection.4.4.1}{Statistical Analysis And Results}{subsection.4.4}% 27
\BOOKMARK [3][-]{subsubsection.4.4.2}{Potential Vulnerabilities Found}{subsection.4.4}% 28
\BOOKMARK [3][-]{subsubsection.4.4.3}{Applying The Method to Modbus-TCP}{subsection.4.4}% 29
\BOOKMARK [1][-]{section.5}{Conclusions and Future works}{}% 30
